X:  [[ 3.5725246]
 [ 3.5849307]
 [ 3.585723 ]
 [ 3.5842284]
 [ 3.5792851]
 [ 3.575058 ]
 [ 3.5609279]
 [ 3.547729 ]
 [ 3.5397014]
 [ 3.5296781]
 [ 3.5214535]
 [ 3.5189359]
 [ 3.5069123]
 [ 3.4978179]
 [ 3.4927977]
 [ 3.4816903]
 [ 3.4815983]
 [ 3.4797976]
 [ 3.4710838]
 [ 3.4698932]
 [ 3.4603579]
 [ 3.4572918]
 [ 3.4460134]
 [ 3.4452807]
 [ 3.4448383]
 [ 3.4469289]
 [ 3.4569866]
 [ 3.4568185]
 [ 3.4570931]
 [ 3.4528653]
 [ 3.4452505]
 [ 3.4360196]
 [ 3.4527891]
 [ 3.4696337]
 [ 3.4641265]
 [ 3.4510043]
 [ 3.4453573]
 [ 3.4350435]
 [ 3.4273983]
 [ 3.4246364]
 [ 3.4530797]
 [ 3.4697711]
 [ 3.4636535]
 [ 3.4429318]
 [ 3.4250941]
 [ 3.4144279]
 [ 3.4017792]
 [ 3.3923491]
 [ 3.3871767]
 [ 3.4410549]
 [ 3.4968109]
 [ 3.5056912]
 [ 3.4909976]
 [ 3.46164  ]
 [ 3.4398036]
 [ 3.4261161]
 [ 3.4208675]
 [ 3.4077757]
 [ 3.4079894]
 [ 3.4080502]
 [ 3.4053039]
 [ 3.3879092]
 [ 3.378418 ]
 [ 3.3724059]
 [ 3.3721162]
 [ 3.3596507]
 [ 3.3592538]
 [ 3.3485404]
 [ 3.3473957]
 [ 3.3392801]
 [ 3.3350386]
 [ 3.3383339]
 [ 3.3533168]
 [ 3.359239 ]
 [ 3.3507837]
 [ 3.337937 ]
 [ 3.3286587]
 [ 3.3228293]
 [ 3.3130803]
 [ 3.309327 ]
 [ 3.3058013]
 [ 3.2977286]
 [ 3.2977131]
 [ 3.2856758]
 [ 3.2856598]
 [ 3.2855835]
 [ 3.2855536]
 [ 3.2853549]
 [ 3.2859946]
 [ 3.2855683]
 [ 3.2790684]
 [ 3.2737429]
 [ 3.2645562]
 [ 3.2634119]
 [ 3.2809144]
 [ 3.2943873]
 [ 3.312973 ]
 [ 3.3341687]
 [ 3.3348551]
 [ 3.3262326]
 [ 3.3199   ]
 [ 3.3097689]
 [ 3.309907 ]
 [ 3.3097385]
 [ 3.2983394]
 [ 3.2876432]
 [ 3.2837069]
 [ 3.2734379]
 [ 3.2798463]
 [ 3.2949515]
 [ 3.297912 ]
 [ 3.2891239]
 [ 3.275467 ]
 [ 3.2613216]
 [ 3.2495271]
 [ 3.2395027]
 [ 3.2360248]
 [ 3.2330937]
 [ 3.2922821]
 [ 3.3582156]
 [ 3.3719028]
 [ 3.3534701]
 [ 3.3275302]
 [ 3.3094491]
 [ 3.3097997]
 [ 3.309708 ]
 [ 3.3098456]
 [ 3.3099369]
 [ 3.3189542]
 [ 3.3318797]
 [ 3.3406523]
 [ 3.3435668]
 [ 3.3278962]
 [ 3.3125614]
 [ 3.295547 ]
 [ 3.2854312]
 [ 3.2749942]
 [ 3.2635488]
 [ 3.2533113]
 [ 3.2488099]
 [ 3.2398846]
 [ 3.2389693]
 [ 3.3010403]
 [ 3.4035801]
 [ 3.4519957]
 [ 3.4404293]
 [ 3.3951722]
 [ 3.3562777]
 [ 3.3305358]
 [ 3.3113868]
 [ 3.29782  ]
 [ 3.2861634]
 [ 3.2788848]
 [ 3.2725373]
 [ 3.2611533]
 [ 3.2615657]
 [ 3.284897 ]
 [ 3.2980182]
 [ 3.2954549]
 [ 3.279328 ]
 [ 3.2603757]
 [ 3.2440346]
 [ 3.2304234]
 [ 3.2242889]
 [ 3.224319 ]
 [ 3.2122971]
 [ 3.2078103]
 [ 3.2143559]
 [ 3.2483983]
 [ 3.2674098]
 [ 3.2657621]
 [ 3.261306 ]
 [ 3.2722328]
 [ 3.2860559]
 [ 3.2758029]
 [ 3.2612756]
 [ 3.2611538]
 [ 3.3245543]
 [ 3.4167783]
 [ 3.4502253]
 [ 3.4453877]
 [ 3.4576717]
 [ 3.4801491]
 [ 3.4746701]
 [ 3.4392698]
 [ 3.3901978]
 [ 3.3728485]
 [ 3.4190824]
 [ 3.462265 ]
 [ 3.4869237]
 [ 3.5446464]
 [ 3.5865472]
 [ 3.575408 ]
 [ 3.5390009]
 [ 3.5031583]
 [ 3.4763032]
 [ 3.4597327]
 [ 3.4445184]
 [ 3.4292448]
 [ 3.413162 ]
 [ 3.3844909]
 [ 3.3626716]
 [ 3.3592844]
 [ 3.3690035]
 [ 3.3838961]
 [ 3.4179836]
 [ 3.4474031]
 [ 3.4659266]
 [ 3.4678487]
 [ 3.4461971]
 [ 3.419479 ]
 [ 3.387161 ]
 [ 3.3720092]
 [ 3.3716741]
 [ 3.3654639]
 [ 3.3524779]
 [ 3.3677522]
 [ 3.4290315]
 [ 3.4563758]
 [ 3.4638667]
 [ 3.4577343]
 [ 3.4462118]
 [ 3.433624 ]
 [ 3.4179987]
 [ 3.390762 ]
 [ 3.3754576]
 [ 3.3649604]
 [ 3.3531797]
 [ 3.3474116]
 [ 3.3359387]
 [ 3.33046  ]
 [ 3.3229512]
 [ 3.3124547]
 [ 3.3098919]
 [ 3.3231958]
 [ 3.3231954]
 [ 3.3104254]
 [ 3.2987052]
 [ 3.2983543]
 [ 3.298232 ]
 [ 3.3167569]
 [ 3.3986814]
 [ 3.5099179]
 [ 3.5602714]
 [ 3.5520323]
 [ 3.5213163]
 [ 3.4920048]
 [ 3.4688872]
 [ 3.4503022]
 [ 3.4363859]
 [ 3.427429 ]
 [ 3.4210201]
 [ 3.4104764]
 [ 3.3965605]
 [ 3.3840177]
 [ 3.3952025]
 [ 3.3941193]
 [ 3.381302 ]
 [ 3.3717193]
 [ 3.3643961]
 [ 3.3591165]
 [ 3.349715 ]
 [ 3.3470454]
 [ 3.3424071]
 [ 3.3348557]
 [ 3.328171 ]
 [ 3.3231954]
 [ 3.3113254]
 [ 3.3097238]
 [ 3.3095563]
 [ 3.3094186]
 [ 3.2983239]
 [ 3.3047949]
 [ 3.320525 ]
 [ 3.3216846]
 [ 3.3082435]
 [ 3.2971033]
 [ 3.2866053]
 [ 3.2966149]
 [ 3.2902527]
 [ 3.2859803]
 [ 3.2814024]
 [ 3.2732237]
 [ 3.2609705]
 [ 3.2553861]
 [ 3.2493443]
 [ 3.2469945]
 [ 3.236619 ]
 [ 3.2346657]
 [ 3.224716 ]
 [ 3.2243195]
 [ 3.2266543]
 [ 3.2651526]
 [ 3.3011931]
 [ 3.307053 ]
 [ 3.2921439]
 [ 3.2710417]
 [ 3.253967 ]
 [ 3.2409068]
 [ 3.2297063]
 [ 3.2221833]
 [ 3.2115648]
 [ 3.2042545]
 [ 3.2000274]
 [ 3.1909186]
 [ 3.1873485]
 [ 3.1872413]
 [ 3.1868145]
 [ 3.1812444]
 [ 3.1729735]
 [ 3.1624001]
 [ 3.1505275]
 [ 3.1461636]
 [ 3.1383054]
 [ 3.1356662]
 [ 3.1260233]
 [ 3.1260075]
 [ 3.1259618]
 [ 3.1244355]
 [ 3.1141958]
 [ 3.1060331]
 [ 3.094772 ]
 [ 3.0777886]
 [ 3.0693045]
 [ 3.0649098]
 [ 3.0649252]
 [ 3.0633382]
 [ 3.0535277]
 [ 3.0441741]
 [ 3.0409696]
 [ 3.0409543]
 [ 3.0338596]
 [ 3.0293583]
 [ 3.0416721]
 [ 3.0693051]
 [ 3.0983125]
 [ 3.1138453]
 [ 3.1134942]
 [ 3.0969547]
 [ 3.0739435]
 [ 3.0606225]
 [ 3.0467984]
 [ 3.0363771]
 [ 3.0263981]
 [ 3.016403 ]
 [ 3.0084087]
 [ 3.0046856]
 [ 3.0336914]
 [ 3.1218112]
 [ 3.169968 ]
 [ 3.1751392]
 [ 3.15654  ]
 [ 3.1391754]
 [ 3.1287846]
 [ 3.1255039]
 [ 3.1113581]
 [ 3.0909273]
 [ 3.0776516]
 [ 3.0691371]
 [ 3.0652156]
 [ 3.0534666]
 [ 3.0669702]
 [ 3.1157222]
 [ 3.1400294]
 [ 3.1677554]
 [ 3.2104343]
 [ 3.2248232]
 [ 3.2163244]
 [ 3.1944279]
 [ 3.1792755]
 [ 3.1672978]
 [ 3.1625833]
 [ 3.1628428]
 [ 3.1696168]
 [ 3.1749717]
 [ 3.1750479]
 [ 3.1629954]
 [ 3.1507259]
 [ 3.1350863]
 [ 3.1228336]
 [ 3.1097865]
 [ 3.0988461]
 [ 3.0787499]
 [ 3.0712278]
 [ 3.0681908]
 [ 3.0783381]
 [ 3.0977933]
 [ 3.1485596]
 [ 3.3194733]
 [ 3.4862971]
 [ 3.5482174]
 [ 3.5366814]
 [ 3.518799 ]
 [ 3.5189212]
 [ 3.5186462]
 [ 3.5104363]
 [ 3.4826048]
 [ 3.4497826]
 [ 3.4262844]
 [ 3.4268037]
 [ 3.4330749]
 [ 3.4288025]
 [ 3.411834 ]
 [ 3.3856049]
 [ 3.3717196]
 [ 3.3590863]
 [ 3.3501279]
 [ 3.3409271]
 [ 3.3292392]
 [ 3.3179167]
 [ 3.3078314]
 [ 3.3003384]
 [ 3.3250431]
 [ 3.3513181]
 [ 3.3513947]
 [ 3.334061 ]
 [ 3.3508911]
 [ 3.4813383]
 [ 3.5708158]
 [ 3.5816646]
 [ 3.5416099]
 [ 3.5122068]
 [ 3.490662 ]
 [ 3.4737695]
 [ 3.4761204]
 [ 3.5009616]
 [ 3.5173339]
 [ 3.5189212]
 [ 3.5334002]
 [ 3.5422804]
 [ 3.5293118]
 [ 3.5121917]
 [ 3.4924474]
 [ 3.4754025]
 [ 3.4908294]
 [ 3.5494376]
 [ 3.5833893]
 [ 3.5755003]
 [ 3.5433191]
 [ 3.5169372]
 [ 3.4933018]
 [ 3.4782717]
 [ 3.4696947]
 [ 3.470442 ]
 [ 3.5041503]
 [ 3.5455318]
 [ 3.5500943]
 [ 3.5332944]
 [ 3.5100249]
 [ 3.4941406]
 [ 3.4826209]
 [ 3.4672384]
 [ 3.4541322]
 [ 3.4462275]
 [ 3.4645232]
 [ 3.4700909]
 [ 3.4636686]
 [ 3.4456476]
 [ 3.4294887]
 [ 3.4189451]
 [ 3.4055934]
 [ 3.3862154]
 [ 3.383728 ]
 [ 3.3816527]
 [ 3.3837282]
 [ 3.3814543]
 [ 3.3721163]
 [ 3.372238 ]
 [ 3.3789673]
 [ 3.4040222]
 [ 3.428756 ]
 [ 3.4455402]
 [ 3.4450975]
 [ 3.4304959]
 [ 3.412796 ]
 [ 3.387177 ]
 [ 3.3755645]
 [ 3.3683014]
 [ 3.3591162]
 [ 3.349334 ]
 [ 3.3474726]
 [ 3.3408813]
 [ 3.3346877]
 [ 3.3316505]
 [ 3.3233323]
 [ 3.3211209]
 [ 3.3099375]
 [ 3.298949 ]
 [ 3.291519 ]
 [ 3.2837217]
 [ 3.273514 ]
 [ 3.2668151]
 [ 3.261382 ]
 [ 3.2551422]
 [ 3.2492533]
 [ 3.2521669]
 [ 3.2692255]
 [ 3.2737118]
 [ 3.2639155]
 [ 3.2496036]
 [ 3.2372297]
 [ 3.2301946]
 [ 3.2183696]
 [ 3.2086199]
 [ 3.1999813]
 [ 3.1899423]
 [ 3.1855627]
 [ 3.1752156]
 [ 3.1750328]
 [ 3.1630406]
 [ 3.1628121]
 [ 3.150833 ]
 [ 3.1481174]
 [ 3.1384734]
 [ 3.1278387]
 [ 3.1207578]
 [ 3.1141654]
 [ 3.1027073]
 [ 3.092513 ]
 [ 3.0781249]
 [ 3.0750727]
 [ 3.0650779]
 [ 3.064925 ]
 [ 3.0750267]
 [ 3.1367952]
 [ 3.2991332]
 [ 3.5587162]
 [ 3.7739713]
 [ 3.8619222]
 [ 3.8578633]
 [ 3.8154598]
 [ 3.7707978]
 [ 3.7345277]
 [ 3.6993722]
 [ 3.672608 ]
 [ 3.6648272]
 [ 3.6642928]
 [ 3.6645525]
 [ 3.6551207]
 [ 3.6354369]
 [ 3.6164393]
 [ 3.596435 ]
 [ 3.5781097]
 [ 3.560638 ]
 [ 3.5469808]
 [ 3.5323179]
 [ 3.5200955]
 [ 3.5189057]
 [ 3.525833 ]
 [ 3.5274044]
 [ 3.5139313]
 [ 3.5058135]
 [ 3.5182496]
 [ 3.5162658]
 [ 3.4874112]
 [ 3.459915 ]
 [ 3.501968 ]
 [ 3.7364197]
 [ 3.9690098]
 [ 4.1145789]
 [ 4.1606295]
 [ 4.1304326]
 [ 4.0620113]
 [ 3.9954838]
 [ 4.0347595]
 [ 4.1077729]
 [ 4.1241603]
 [ 4.0864106]
 [ 4.0249787]
 [ 3.962967 ]
 [ 3.9357757]
 [ 3.9203641]
 [ 3.8967435]
 [ 3.87091  ]
 [ 3.8443439]
 [ 3.827148 ]
 [ 3.8138894]
 [ 3.8228153]
 [ 3.891113 ]
 [ 4.0309753]
 [ 4.1337585]
 [ 4.1598212]
 [ 4.1211552]
 [ 4.0608212]
 [ 4.002213 ]
 [ 4.0002453]
 [ 4.0472719]
 [ 4.1171263]
 [ 4.1783598]
 [ 4.1885523]
 [ 4.1619421]
 [ 4.1192014]
 [ 4.1422578]
 [ 4.216064 ]
 [ 4.236328 ]
 [ 4.2030485]
 [ 4.1538243]
 [ 4.1182098]
 [ 4.0868372]
 [ 4.0605316]
 [ 4.0556038]
 [ 4.0619356]
 [ 4.0676419]
 [ 4.0554962]
 [ 4.0325622]
 [ 4.0115361]
 [ 4.0437315]
 [ 4.1188815]
 [ 4.1459057]
 [ 4.1199188]
 [ 4.0726324]
 [ 4.0275117]
 [ 3.9874726]
 [ 3.9719246]
 [ 3.9585878]
 [ 3.9574888]
 [ 3.9533231]
 [ 3.9449005]
 [ 3.9450383]
 [ 3.9447787]
 [ 3.9405213]
 [ 3.9322968]
 [ 3.9449465]
 [ 3.9495849]
 [ 3.944764 ]
 [ 3.9586786]
 [ 3.9779968]
 [ 3.994005 ]
 [ 3.9870151]
 [ 3.9649666]
 [ 3.9509433]
 [ 3.945099 ]
 [ 3.9447636]
 [ 3.9402629]
 [ 3.9257807]
 [ 3.9090888]
 [ 3.8954152]
 [ 3.8843382]
 [ 3.8745867]
 [ 3.8594817]
 [ 3.8499448]
 [ 3.8470918]
 [ 3.8473051]
 [ 3.8475649]
 [ 3.8471981]
 [ 3.8471835]
 [ 3.8474422]
 [ 3.8382261]
 [ 3.8292085]
 [ 3.8448331]
 [ 3.9189605]
 [ 3.9657143]
 [ 3.9610442]
 [ 3.9287875]
 [ 3.8948214]
 [ 3.8668513]
 [ 3.8430478]
 [ 3.826172 ]
 [ 3.815949 ]
 [ 3.8078768]
 [ 3.7972256]
 [ 3.7866531]
 [ 3.7875835]
 [ 3.7982478]
 [ 3.7962647]
 [ 3.8040471]
 [ 3.8371883]
 [ 3.8578643]
 [ 3.8512728]
 [ 3.8292992]
 [ 3.8151711]
 [ 3.8107769]
 [ 3.7993616]
 [ 3.7860573]
 [ 3.7717432]
 [ 3.7626648]
 [ 3.7542873]
 [ 3.7465662]
 [ 3.738053 ]
 [ 3.7268827]
 [ 3.7255249]
 [ 3.7365261]
 [ 3.738373 ]
 [ 3.7336125]
 [ 3.7211607]
 [ 3.7134249]
 [ 3.698014 ]
 [ 3.67865  ]
 [ 3.6674517]
 [ 3.6545868]
 [ 3.6448064]
 [ 3.6401528]
 [ 3.6479038]
 [ 3.7353518]
 [ 3.8257909]
 [ 3.852798 ]
 [ 3.8336487]
 [ 3.8019255]
 [ 3.8222201]
 [ 3.8589165]
 [ 3.8684685]
 [ 3.8660271]
 [ 3.9228971]
 [ 3.9750062]
 [ 3.9722899]
 [ 3.9317018]
 [ 3.8880152]
 [ 3.8529357]
 [ 3.8356323]
 [ 3.835556 ]
 [ 3.8430174]
 [ 3.8469542]
 [ 3.8531035]
 [ 3.9300991]
 [ 4.0697783]
 [ 4.1352539]
 [ 4.1294711]
 [ 4.0882871]
 [ 4.0298466]
 [ 3.9942334]
 [ 3.9935012]
 [ 3.9855508]
 [ 3.9563904]
 [ 3.9691628]
 [ 4.0574035]
 [ 4.1022187]
 [ 4.0940551]
 [ 4.0543668]
 [ 4.0222631]
 [ 3.9923255]
 [ 3.9720011]
 [ 4.005692 ]
 [ 4.0969085]
 [ 4.3004605]
 [ 4.6746984]
 [ 4.8451527]
 [ 4.8169551]
 [ 4.6858366]
 [ 4.5514071]
 [ 4.4577484]
 [ 4.3769068]
 [ 4.3235932]
 [ 4.3770289]
 [ 4.4209287]
 [ 4.4218743]
 [ 4.3958741]
 [ 4.3404381]
 [ 4.266205 ]
 [ 4.2132563]
 [ 4.2640832]
 [ 4.4595036]
 [ 4.622208 ]
 [ 4.654816 ]
 [ 4.6753692]
 [ 4.7783665]
 [ 4.8107755]
 [ 4.7476658]
 [ 4.6209258]
 [ 4.4870455]
 [ 4.3889771]
 [ 4.3126067]
 [ 4.2468872]
 [ 4.2045288]
 [ 4.1757354]
 [ 4.1360781]
 [ 4.1169445]
 [ 4.1447596]
 [ 4.1971132]
 [ 4.2812195]
 [ 4.4042354]
 [ 4.4756777]
 [ 4.45282  ]
 [ 4.3687738]
 [ 4.2755278]
 [ 4.2155151]
 [ 4.1586766]
 [ 4.1100007]
 [ 4.0679932]
 [ 4.0316774]
 [ 3.9965833]
 [ 4.005647 ]
 [ 4.0386804]
 [ 0.       ]
 [ 0.       ]
 [ 0.       ]
 [ 0.       ]
 [ 0.       ]
 [ 0.       ]
 [ 0.       ]
 [ 0.       ]
 [ 0.       ]
 [ 0.       ]
 [ 0.       ]
 [ 0.       ]
 [ 0.       ]
 [ 0.       ]
 [ 0.       ]
 [ 0.       ]
 [ 0.       ]
 [ 0.       ]
 [ 0.       ]
 [ 0.       ]
 [ 0.       ]
 [ 0.       ]
 [ 0.       ]
 [ 0.       ]
 [ 0.       ]
 [ 0.       ]
 [ 0.       ]
 [ 0.       ]
 [ 0.       ]
 [ 0.       ]
 [ 0.       ]
 [ 0.       ]
 [ 0.       ]
 [ 0.       ]
 [ 0.       ]
 [ 0.       ]
 [ 0.       ]
 [ 0.       ]
 [ 0.       ]
 [ 0.       ]
 [ 0.       ]
 [ 0.       ]
 [ 0.       ]
 [ 0.       ]
 [ 0.       ]
 [ 0.       ]
 [ 0.       ]
 [ 0.       ]
 [ 0.       ]
 [ 0.       ]
 [ 0.       ]
 [ 0.       ]
 [ 0.       ]
 [ 0.       ]
 [ 0.       ]
 [ 0.       ]
 [ 0.       ]
 [ 0.       ]
 [ 0.       ]
 [ 0.       ]
 [ 0.       ]
 [ 0.       ]
 [ 0.       ]
 [ 0.       ]
 [ 0.       ]
 [ 0.       ]
 [ 0.       ]
 [ 0.       ]
 [ 0.       ]
 [ 0.       ]
 [ 0.       ]
 [ 0.       ]
 [ 0.       ]
 [ 0.       ]
 [ 0.       ]
 [ 0.       ]
 [ 0.       ]
 [ 0.       ]
 [ 0.       ]
 [ 0.       ]
 [ 0.       ]
 [ 0.       ]
 [ 0.       ]
 [ 0.       ]
 [ 0.       ]
 [ 0.       ]
 [ 0.       ]
 [ 0.       ]
 [ 0.       ]
 [ 0.       ]
 [ 0.       ]
 [ 0.       ]
 [ 0.       ]
 [ 0.       ]
 [ 0.       ]
 [ 0.       ]
 [ 0.       ]
 [ 0.       ]
 [ 0.       ]
 [ 0.       ]
 [ 0.       ]
 [ 0.       ]
 [ 0.       ]
 [ 0.       ]
 [ 0.       ]
 [ 0.       ]
 [ 0.       ]
 [ 0.       ]
 [ 0.       ]
 [ 0.       ]
 [ 0.       ]
 [ 0.       ]
 [ 0.       ]
 [ 0.       ]
 [ 0.       ]
 [ 0.       ]
 [ 0.       ]
 [ 0.       ]
 [ 0.       ]
 [ 0.       ]
 [ 0.       ]
 [ 0.       ]
 [ 0.       ]
 [ 0.       ]
 [ 0.       ]
 [ 0.       ]
 [ 0.       ]
 [ 0.       ]
 [ 0.       ]
 [ 0.       ]
 [ 0.       ]
 [ 0.       ]
 [ 0.       ]
 [ 0.       ]
 [ 0.       ]
 [ 0.       ]
 [ 0.       ]
 [ 0.       ]
 [ 0.       ]
 [ 0.       ]
 [ 0.       ]
 [ 0.       ]
 [ 0.       ]
 [ 0.       ]
 [ 0.       ]
 [ 0.       ]
 [ 0.       ]
 [ 0.       ]
 [ 0.       ]
 [ 0.       ]
 [ 0.       ]
 [ 0.       ]
 [ 0.       ]
 [ 0.       ]
 [ 0.       ]
 [ 0.       ]
 [ 0.       ]
 [ 0.       ]
 [ 0.       ]
 [ 0.       ]
 [ 0.       ]
 [ 0.       ]
 [ 0.       ]
 [ 0.       ]
 [ 0.       ]
 [ 0.       ]
 [ 0.       ]
 [ 0.       ]
 [ 0.       ]
 [ 0.       ]
 [ 0.       ]
 [ 0.       ]
 [ 0.       ]
 [ 0.       ]
 [ 0.       ]
 [ 0.       ]
 [ 0.       ]
 [ 0.       ]
 [ 0.       ]
 [ 0.       ]
 [ 0.       ]
 [ 0.       ]
 [ 0.       ]
 [ 0.       ]
 [ 0.       ]
 [ 0.       ]
 [ 0.       ]
 [ 0.       ]
 [ 0.       ]
 [ 0.       ]
 [ 0.       ]
 [ 0.       ]
 [ 0.       ]
 [ 0.       ]
 [ 0.       ]
 [ 0.       ]
 [ 0.       ]
 [ 0.       ]
 [ 0.       ]
 [ 0.       ]
 [ 0.       ]
 [ 0.       ]
 [ 0.       ]
 [ 0.       ]
 [ 0.       ]
 [ 0.       ]
 [ 0.       ]
 [ 0.       ]
 [ 0.       ]
 [ 0.       ]
 [ 0.       ]
 [ 0.       ]
 [ 0.       ]
 [ 0.       ]
 [ 0.       ]
 [ 0.       ]
 [ 0.       ]
 [ 0.       ]]
Y:  4
Shape:  (1000, 1)
User number:  39
